2023-09-01 16:56:51,876 [main] INFO c.n.m.NhnMart [NhnMart.java:18] - 상품 준비
2023-09-01 16:56:51,878 [main] INFO c.n.m.NhnMart [NhnMart.java:31] - 상품 준비 완료
2023-09-01 17:00:04,292 [main] INFO c.n.m.NhnMart [NhnMart.java:18] - 상품 준비
2023-09-01 17:00:04,294 [main] INFO c.n.m.NhnMart [NhnMart.java:31] - 상품 준비 완료
2023-09-01 17:00:07,264 [main] ERROR c.n.m.NhnMartShell [NhnMartShell.java:45] - NumberFormatException
2023-09-01 17:00:39,489 [main] INFO c.n.m.NhnMart [NhnMart.java:18] - 상품 준비
2023-09-01 17:00:39,492 [main] INFO c.n.m.NhnMart [NhnMart.java:31] - 상품 준비 완료
2023-09-01 17:00:49,521 [main] ERROR c.n.m.NhnMartShell [NhnMartShell.java:45] - NumberFormatException
2023-09-01 17:00:58,429 [main] INFO c.n.m.NhnMart [NhnMart.java:18] - 상품 준비
2023-09-01 17:00:58,432 [main] INFO c.n.m.NhnMart [NhnMart.java:31] - 상품 준비 완료
2023-09-01 17:01:00,669 [main] INFO c.n.m.BuyList [BuyList.java:19] - BuyList에 양파 품목 20개 추가
2023-09-01 17:01:00,672 [main] INFO c.n.m.Customer [Customer.java:17] - buyList 생성
2023-09-01 17:01:00,672 [main] INFO c.n.m.Customer [Customer.java:23] - 장바구니 들기
2023-09-01 17:01:00,673 [main] INFO c.n.m.Customer [Customer.java:32] - name : 양파, price : 1000 상품 장바구니에 넣기 성공.
2023-09-01 17:01:00,673 [main] INFO c.n.m.Customer [Customer.java:32] - name : 양파, price : 1000 상품 장바구니에 넣기 성공.
2023-09-01 17:01:00,673 [main] ERROR c.n.m.FoodStand [FoodStand.java:32] - 식품 매대에 없는 상품 구매
2023-09-01 17:01:23,525 [main] INFO c.n.m.NhnMart [NhnMart.java:18] - 상품 준비
2023-09-01 17:01:23,528 [main] INFO c.n.m.NhnMart [NhnMart.java:31] - 상품 준비 완료
2023-09-01 17:01:31,738 [main] INFO c.n.m.BuyList [BuyList.java:19] - BuyList에 양파 품목 2개 추가
2023-09-01 17:01:31,740 [main] INFO c.n.m.BuyList [BuyList.java:19] - BuyList에 계란 품목 5개 추가
2023-09-01 17:01:31,741 [main] INFO c.n.m.BuyList [BuyList.java:19] - BuyList에 파 품목 10개 추가
2023-09-01 17:01:31,741 [main] INFO c.n.m.BuyList [BuyList.java:19] - BuyList에 사과 품목 20개 추가
2023-09-01 17:01:31,742 [main] INFO c.n.m.Customer [Customer.java:17] - buyList 생성
2023-09-01 17:01:31,742 [main] INFO c.n.m.Customer [Customer.java:23] - 장바구니 들기
2023-09-01 17:01:31,743 [main] INFO c.n.m.Customer [Customer.java:32] - name : 양파, price : 1000 상품 장바구니에 넣기 성공.
2023-09-01 17:01:31,743 [main] INFO c.n.m.Customer [Customer.java:32] - name : 양파, price : 1000 상품 장바구니에 넣기 성공.
2023-09-01 17:01:31,743 [main] INFO c.n.m.Customer [Customer.java:32] - name : 계란, price : 5000 상품 장바구니에 넣기 성공.
2023-09-01 17:01:31,743 [main] INFO c.n.m.Customer [Customer.java:32] - name : 계란, price : 5000 상품 장바구니에 넣기 성공.
2023-09-01 17:01:31,743 [main] INFO c.n.m.Customer [Customer.java:32] - name : 계란, price : 5000 상품 장바구니에 넣기 성공.
2023-09-01 17:01:31,743 [main] INFO c.n.m.Customer [Customer.java:32] - name : 계란, price : 5000 상품 장바구니에 넣기 성공.
2023-09-01 17:01:31,743 [main] INFO c.n.m.Customer [Customer.java:32] - name : 계란, price : 5000 상품 장바구니에 넣기 성공.
2023-09-01 17:01:31,744 [main] INFO c.n.m.Customer [Customer.java:32] - name : 파, price : 500 상품 장바구니에 넣기 성공.
2023-09-01 17:01:31,744 [main] INFO c.n.m.Customer [Customer.java:32] - name : 파, price : 500 상품 장바구니에 넣기 성공.
2023-09-01 17:01:31,744 [main] INFO c.n.m.Customer [Customer.java:32] - name : 파, price : 500 상품 장바구니에 넣기 성공.
2023-09-01 17:01:31,744 [main] INFO c.n.m.Customer [Customer.java:32] - name : 파, price : 500 상품 장바구니에 넣기 성공.
2023-09-01 17:01:31,744 [main] INFO c.n.m.Customer [Customer.java:32] - name : 파, price : 500 상품 장바구니에 넣기 성공.
2023-09-01 17:01:31,744 [main] INFO c.n.m.Customer [Customer.java:32] - name : 파, price : 500 상품 장바구니에 넣기 성공.
2023-09-01 17:01:31,744 [main] INFO c.n.m.Customer [Customer.java:32] - name : 파, price : 500 상품 장바구니에 넣기 성공.
2023-09-01 17:01:31,745 [main] INFO c.n.m.Customer [Customer.java:32] - name : 파, price : 500 상품 장바구니에 넣기 성공.
2023-09-01 17:01:31,745 [main] INFO c.n.m.Customer [Customer.java:32] - name : 파, price : 500 상품 장바구니에 넣기 성공.
2023-09-01 17:01:31,745 [main] INFO c.n.m.Customer [Customer.java:32] - name : 파, price : 500 상품 장바구니에 넣기 성공.
2023-09-01 17:01:31,745 [main] INFO c.n.m.Customer [Customer.java:32] - name : 사과, price : 2000 상품 장바구니에 넣기 성공.
2023-09-01 17:01:31,745 [main] INFO c.n.m.Customer [Customer.java:32] - name : 사과, price : 2000 상품 장바구니에 넣기 성공.
2023-09-01 17:01:31,745 [main] INFO c.n.m.Customer [Customer.java:32] - name : 사과, price : 2000 상품 장바구니에 넣기 성공.
2023-09-01 17:01:31,745 [main] INFO c.n.m.Customer [Customer.java:32] - name : 사과, price : 2000 상품 장바구니에 넣기 성공.
2023-09-01 17:01:31,745 [main] INFO c.n.m.Customer [Customer.java:32] - name : 사과, price : 2000 상품 장바구니에 넣기 성공.
2023-09-01 17:01:31,746 [main] INFO c.n.m.Customer [Customer.java:32] - name : 사과, price : 2000 상품 장바구니에 넣기 성공.
2023-09-01 17:01:31,746 [main] INFO c.n.m.Customer [Customer.java:32] - name : 사과, price : 2000 상품 장바구니에 넣기 성공.
2023-09-01 17:01:31,746 [main] INFO c.n.m.Customer [Customer.java:32] - name : 사과, price : 2000 상품 장바구니에 넣기 성공.
2023-09-01 17:01:31,746 [main] INFO c.n.m.Customer [Customer.java:32] - name : 사과, price : 2000 상품 장바구니에 넣기 성공.
2023-09-01 17:01:31,746 [main] INFO c.n.m.Customer [Customer.java:32] - name : 사과, price : 2000 상품 장바구니에 넣기 성공.
2023-09-01 17:01:31,746 [main] INFO c.n.m.Customer [Customer.java:32] - name : 사과, price : 2000 상품 장바구니에 넣기 성공.
2023-09-01 17:01:31,746 [main] INFO c.n.m.Customer [Customer.java:32] - name : 사과, price : 2000 상품 장바구니에 넣기 성공.
2023-09-01 17:01:31,746 [main] INFO c.n.m.Customer [Customer.java:32] - name : 사과, price : 2000 상품 장바구니에 넣기 성공.
2023-09-01 17:01:31,746 [main] INFO c.n.m.Customer [Customer.java:32] - name : 사과, price : 2000 상품 장바구니에 넣기 성공.
2023-09-01 17:01:31,747 [main] INFO c.n.m.Customer [Customer.java:32] - name : 사과, price : 2000 상품 장바구니에 넣기 성공.
2023-09-01 17:01:31,747 [main] INFO c.n.m.Customer [Customer.java:32] - name : 사과, price : 2000 상품 장바구니에 넣기 성공.
2023-09-01 17:01:31,747 [main] INFO c.n.m.Customer [Customer.java:32] - name : 사과, price : 2000 상품 장바구니에 넣기 성공.
2023-09-01 17:01:31,747 [main] INFO c.n.m.Customer [Customer.java:32] - name : 사과, price : 2000 상품 장바구니에 넣기 성공.
2023-09-01 17:01:31,747 [main] INFO c.n.m.Customer [Customer.java:32] - name : 사과, price : 2000 상품 장바구니에 넣기 성공.
2023-09-01 17:01:31,747 [main] INFO c.n.m.Customer [Customer.java:32] - name : 사과, price : 2000 상품 장바구니에 넣기 성공.
2023-09-01 17:01:31,751 [main] INFO c.n.m.Counter [Counter.java:16] - 총 가격은 72000원 입니다.
2023-09-01 17:01:31,751 [main] ERROR c.n.m.Customer [Customer.java:41] - 돈을 초과하는 상품 구매
2023-09-01 17:02:50,024 [main] INFO c.n.m.NhnMart [NhnMart.java:18] - 상품 준비
2023-09-01 17:02:50,026 [main] INFO c.n.m.NhnMart [NhnMart.java:31] - 상품 준비 완료
2023-09-01 17:02:53,876 [main] INFO c.n.m.BuyList [BuyList.java:19] - BuyList에 양파 품목 2개 추가
2023-09-01 17:02:53,878 [main] INFO c.n.m.Customer [Customer.java:17] - buyList 생성
2023-09-01 17:02:53,879 [main] INFO c.n.m.Customer [Customer.java:23] - 장바구니 들기
2023-09-01 17:02:53,879 [main] INFO c.n.m.Customer [Customer.java:32] - name : 양파, price : 1000 상품 장바구니에 넣기 성공.
2023-09-01 17:02:53,879 [main] INFO c.n.m.Customer [Customer.java:32] - name : 양파, price : 1000 상품 장바구니에 넣기 성공.
2023-09-01 17:02:53,880 [main] INFO c.n.m.Counter [Counter.java:14] - 1000원짜리 양파 바코드 찍음
2023-09-01 17:02:53,880 [main] INFO c.n.m.Counter [Counter.java:14] - 1000원짜리 양파 바코드 찍음
2023-09-01 17:02:53,883 [main] INFO c.n.m.Counter [Counter.java:17] - 총 가격은 2000원 입니다.
2023-09-01 17:02:53,885 [main] INFO c.n.m.Customer [Customer.java:45] - 고객님 결제 후 잔액 : 18000
2023-09-01 17:07:18,641 [main] INFO c.n.m.NhnMart [NhnMart.java:18] - 상품 준비
2023-09-01 17:07:18,643 [main] INFO c.n.m.NhnMart [NhnMart.java:31] - 상품 준비 완료
2023-09-01 17:07:22,753 [main] INFO c.n.m.BuyList [BuyList.java:19] - BuyList에 양파 품목 4개 추가
2023-09-01 17:07:22,756 [main] INFO c.n.m.Customer [Customer.java:17] - buyList 생성
2023-09-01 17:07:22,757 [main] INFO c.n.m.Customer [Customer.java:23] - 장바구니 들기
2023-09-01 17:07:22,757 [main] INFO c.n.m.Customer [Customer.java:32] - name : 양파, price : 1000 상품 장바구니에 넣기 성공.
2023-09-01 17:07:22,757 [main] INFO c.n.m.Customer [Customer.java:32] - name : 양파, price : 1000 상품 장바구니에 넣기 성공.
2023-09-01 17:07:22,758 [main] ERROR c.n.m.FoodStand [FoodStand.java:32] - 식품 매대에 없는 상품 구매
2023-09-01 17:50:59,609 [main] INFO c.n.m.NhnMart [NhnMart.java:24] - 상품 준비
2023-09-01 17:50:59,611 [main] INFO c.n.m.NhnMart [NhnMart.java:37] - 상품 준비 완료
2023-09-01 18:00:19,580 [main] ERROR c.n.m.FoodStand [Food.java:19] - price가 0원보다 작을 수 없습니다.
상품 준비 실패
